#
# There is insufficient memory for the Java Runtime Environment to continue.
# Native memory allocation (malloc) failed to allocate 1048576 bytes for AllocateHeap
# Possible reasons:
#   The system is out of physical RAM or swap space
#   The process is running with CompressedOops enabled, and the Java Heap may be blocking the growth of the native heap
# Possible solutions:
#   Reduce memory load on the system
#   Increase physical memory or swap space
#   Check if swap backing store is full
#   Decrease Java heap size (-Xmx/-Xms)
#   Decrease number of Java threads
#   Decrease Java thread stack sizes (-Xss)
#   Set larger code cache with -XX:ReservedCodeCacheSize=
#   JVM is running with Unscaled Compressed Oops mode in which the Java heap is
#     placed in the first 4GB address space. The Java Heap base address is the
#     maximum limit for the native heap growth. Please use -XX:HeapBaseMinAddress
#     to set the Java Heap base and to place the Java Heap above 4GB virtual address.
# This output file may be truncated or incomplete.
#
#  Out of Memory Error (memory/allocation.inline.hpp:61), pid=6888, tid=0x0000000000001e28
#
# JRE version:  (8.0_201-b09) (build )
# Java VM: Java HotSpot(TM) 64-Bit Server VM (25.201-b09 mixed mode windows-amd64 compressed oops)
# Failed to write core dump. Minidumps are not enabled by default on client versions of Windows
#

---------------  T H R E A D  ---------------

Current thread (0x000000000146d800):  JavaThread "Unknown thread" [_thread_in_vm, id=7720, stack(0x0000000002d30000,0x0000000002e30000)]

Stack: [0x0000000002d30000,0x0000000002e30000]
[error occurred during error reporting (printing stack bounds), id 0xc0000005]

Native frames: (J=compiled Java code, j=interpreted, Vv=VM code, C=native code)


---------------  P R O C E S S  ---------------

Java Threads: ( => current thread )

Other Threads:

=>0x000000000146d800 (exited) JavaThread "Unknown thread" [_thread_in_vm, id=7720, stack(0x0000000002d30000,0x0000000002e30000)]

VM state:not at safepoint (normal execution)

VM Mutex/Monitor currently owned by a thread: None

heap address: 0x0000000081000000, size: 2032 MB, Compressed Oops mode: 32-bit
Narrow klass base: 0x0000000000000000, Narrow klass shift: 3
Compressed class space size: 1073741824 Address: 0x0000000100000000

Heap:
 PSYoungGen      total 38400K, used 665K [0x00000000d5b00000, 0x00000000d8580000, 0x0000000100000000)
  eden space 33280K, 2% used [0x00000000d5b00000,0x00000000d5ba6670,0x00000000d7b80000)
  from space 5120K, 0% used [0x00000000d8080000,0x00000000d8080000,0x00000000d8580000)
  to   space 5120K, 0% used [0x00000000d7b80000,0x00000000d7b80000,0x00000000d8080000)
 ParOldGen       total 87552K, used 0K [0x0000000081000000, 0x0000000086580000, 0x00000000d5b00000)
  object space 87552K, 0% used [0x0000000081000000,0x0000000081000000,0x0000000086580000)
 Metaspace       used 751K, capacity 4480K, committed 4480K, reserved 1056768K
  class space    used 76K, capacity 384K, committed 384K, reserved 1048576K

Card table byte_map: [0x0000000012380000,0x0000000012780000] byte_map_base: 0x0000000011f78000

Marking Bits: (ParMarkBitMap*) 0x00000000692b4ce0
 Begin Bits: [0x0000000012e30000, 0x0000000014df0000)
 End Bits:   [0x0000000014df0000, 0x0000000016db0000)

Polling page: 0x0000000001450000

CodeCache: size=245760Kb used=328Kb max_used=328Kb free=245431Kb
 bounds [0x0000000002fc0000, 0x0000000003230000, 0x0000000011fc0000]
 total_blobs=58 nmethods=0 adapters=38
 compilation: enabled

Compilation events (0 events):
No events

GC Heap History (0 events):
No events

Deoptimization events (0 events):
No events

Classes redefined (0 events):
No events

Internal exceptions (0 events):
No events

Events (10 events):
Event: 0.038 loading class java/lang/Short
Event: 0.038 loading class java/lang/Short done
Event: 0.038 loading class java/lang/Integer
Event: 0.038 loading class java/lang/Integer done
Event: 0.038 loading class java/lang/Long
Event: 0.038 loading class java/lang/Long done
Event: 0.039 loading class java/lang/NullPointerException
Event: 0.039 loading class java/lang/NullPointerException done
Event: 0.039 loading class java/lang/ArithmeticException
Event: 0.040 loading class java/lang/ArithmeticException done


Dynamic libraries:
0x00007ff630c80000 - 0x00007ff630cb7000 	C:\Program Files\Java\jre1.8.0_201\bin\javaw.exe
0x00007ffbbf3b0000 - 0x00007ffbbf59d000 	C:\WINDOWS\SYSTEM32\ntdll.dll
0x00007ffbbe2a0000 - 0x00007ffbbe353000 	C:\WINDOWS\System32\KERNEL32.DLL
0x00007ffbbbee0000 - 0x00007ffbbc173000 	C:\WINDOWS\System32\KERNELBASE.dll
0x00007ffbbe440000 - 0x00007ffbbe4e3000 	C:\WINDOWS\System32\ADVAPI32.dll
0x00007ffbbdc90000 - 0x00007ffbbdd2e000 	C:\WINDOWS\System32\msvcrt.dll
0x00007ffbbe1e0000 - 0x00007ffbbe27e000 	C:\WINDOWS\System32\sechost.dll
0x00007ffbbe680000 - 0x00007ffbbe7a2000 	C:\WINDOWS\System32\RPCRT4.dll
0x00007ffbbe010000 - 0x00007ffbbe1a7000 	C:\WINDOWS\System32\USER32.dll
0x00007ffbbc4e0000 - 0x00007ffbbc500000 	C:\WINDOWS\System32\win32u.dll
0x00007ffbbe1b0000 - 0x00007ffbbe1d9000 	C:\WINDOWS\System32\GDI32.dll
0x00007ffbbc520000 - 0x00007ffbbc6ba000 	C:\WINDOWS\System32\gdi32full.dll
0x00007ffbbc360000 - 0x00007ffbbc400000 	C:\WINDOWS\System32\msvcp_win.dll
0x00007ffbbbde0000 - 0x00007ffbbbeda000 	C:\WINDOWS\System32\ucrtbase.dll
0x00007ffba8a00000 - 0x00007ffba8c79000 	C:\WINDOWS\WinSxS\amd64_microsoft.windows.common-controls_6595b64144ccf1df_6.0.17763.475_none_05b43ca607202c6c\COMCTL32.dll
0x00007ffbbe7b0000 - 0x00007ffbbeadc000 	C:\WINDOWS\System32\combase.dll
0x00007ffbbb560000 - 0x00007ffbbb5de000 	C:\WINDOWS\System32\bcryptPrimitives.dll
0x00007ffbbe410000 - 0x00007ffbbe43e000 	C:\WINDOWS\System32\IMM32.DLL
0x00000000688d0000 - 0x00000000689a1000 	C:\Program Files\Java\jre1.8.0_201\bin\msvcr100.dll
0x0000000068a90000 - 0x0000000069334000 	C:\Program Files\Java\jre1.8.0_201\bin\server\jvm.dll
0x00007ffbbc730000 - 0x00007ffbbc738000 	C:\WINDOWS\System32\PSAPI.DLL
0x00007ffbb1190000 - 0x00007ffbb1199000 	C:\WINDOWS\SYSTEM32\WSOCK32.dll
0x00007ffbb8f30000 - 0x00007ffbb8f54000 	C:\WINDOWS\SYSTEM32\WINMM.dll
0x00007ffbbc6c0000 - 0x00007ffbbc72d000 	C:\WINDOWS\System32\WS2_32.dll
0x00007ffbb4060000 - 0x00007ffbb406a000 	C:\WINDOWS\SYSTEM32\VERSION.dll
0x00007ffbb8aa0000 - 0x00007ffbb8acd000 	C:\WINDOWS\SYSTEM32\WINMMBASE.dll
0x00007ffbbb5e0000 - 0x00007ffbbb62a000 	C:\WINDOWS\System32\cfgmgr32.dll
0x00007ffbb58f0000 - 0x00007ffbb58ff000 	C:\Program Files\Java\jre1.8.0_201\bin\verify.dll
0x00007ffba6d00000 - 0x00007ffba6d29000 	C:\Program Files\Java\jre1.8.0_201\bin\java.dll
0x00007ffbab3e0000 - 0x00007ffbab3f6000 	C:\Program Files\Java\jre1.8.0_201\bin\zip.dll

VM Arguments:
jvm_args: -Dfile.encoding=Cp1252 
java_command: LinearRegressionTrainer
java_class_path (initial): C:\Users\Abdelrahman\Downloads\Compressed\LinearRegression\LinearRegression\bin
Launcher Type: SUN_STANDARD

Environment Variables:
PATH=C:/Program Files/Java/jre1.8.0_201/bin/server;C:/Program Files/Java/jre1.8.0_201/bin;C:/Program Files/Java/jre1.8.0_201/lib/amd64;C:\Program Files (x86)\Common Files\Oracle\Java\javapath;C:\Program Files (x86)\Intel\iCLS Client\;C:\Program Files\Intel\iCLS Client\;C:\WINDOWS\system32;C:\WINDOWS;C:\WINDOWS\System32\Wbem;C:\WINDOWS\System32\WindowsPowerShell\v1.0\;C:\Program Files\Intel\Intel(R) Management Engine Components\DAL;C:\Program Files\Intel\Intel(R) Management Engine Components\IPT;C:\Program Files (x86)\Intel\Intel(R) Management Engine Components\DAL;C:\Program Files (x86)\Intel\Intel(R) Management Engine Components\IPT;C:\Program Files (x86)\AMD\ATI.ACE\Core-Static;C:\WINDOWS\System32\OpenSSH\;C:\Users\Abdelrahman\AppData\Local\Microsoft\WindowsApps;;C:\WINDOWS\system32;
USERNAME=Abdelrahman
OS=Windows_NT
PROCESSOR_IDENTIFIER=Intel64 Family 6 Model 58 Stepping 9, GenuineIntel



---------------  S Y S T E M  ---------------

OS: Windows 10.0 , 64 bit Build 17763 (10.0.17763.475)

CPU:total 4 (initial active 4) (2 cores per cpu, 2 threads per core) family 6 model 58 stepping 9, cmov, cx8, fxsr, mmx, sse, sse2, sse3, ssse3, sse4.1, sse4.2, popcnt, avx, aes, clmul, erms, ht, tsc, tscinvbit, tscinv

Memory: 4k page, physical 8322092k(546360k free), swap 22782848k(5336k free)

vm_info: Java HotSpot(TM) 64-Bit Server VM (25.201-b09) for windows-amd64 JRE (1.8.0_201-b09), built on Dec 15 2018 18:36:39 by "java_re" with MS VC++ 10.0 (VS2010)

time: Tue May 14 12:51:13 2019
timezone: Turkey Standard Time
elapsed time: 0 seconds (0d 0h 0m 0s)

